<?xml version="1.0" encoding="UTF-8"?>
<testsuite name="com.test.ApplicationTest" tests="1" skipped="0" failures="0" errors="0" timestamp="2021-07-11T14:49:03" hostname="lwy-NH50-70RA" time="1.583">
  <properties/>
  <testcase name="test" classname="com.test.ApplicationTest" time="1.583"/>
  <system-out><![CDATA[22:49:03.065 [Test worker] DEBUG org.springframework.test.annotation.ProfileValueUtils - Retrieved @ProfileValueSourceConfiguration [null] for test class [com.test.ApplicationTest]
22:49:03.065 [Test worker] DEBUG org.springframework.test.annotation.ProfileValueUtils - Retrieved ProfileValueSource type [class org.springframework.test.annotation.SystemProfileValueSource] for class [com.test.ApplicationTest]
22:49:03.066 [Test worker] DEBUG org.springframework.test.annotation.ProfileValueUtils - Retrieved @ProfileValueSourceConfiguration [null] for test class [com.test.ApplicationTest]
22:49:03.066 [Test worker] DEBUG org.springframework.test.annotation.ProfileValueUtils - Retrieved ProfileValueSource type [class org.springframework.test.annotation.SystemProfileValueSource] for class [com.test.ApplicationTest]
22:49:03.069 [Test worker] DEBUG org.springframework.test.context.support.AbstractDirtiesContextTestExecutionListener - Before test class: context [DefaultTestContext@4b968ce testClass = ApplicationTest, testInstance = [null], testMethod = [null], testException = [null], mergedContextConfiguration = [MergedContextConfiguration@7b0bab4c testClass = ApplicationTest, locations = '{}', classes = '{class com.Application, class com.Application}', contextInitializerClasses = '[]', activeProfiles = '{}', propertySourceLocations = '{}', propertySourceProperties = '{org.springframework.boot.test.context.SpringBootTestContextBootstrapper=true}', contextCustomizers = set[org.springframework.boot.test.autoconfigure.properties.PropertyMappingContextCustomizer@0, org.springframework.boot.test.autoconfigure.web.servlet.WebDriverContextCustomizerFactory$Customizer@69a2d970, org.springframework.boot.test.context.filter.ExcludeFilterContextCustomizer@72e5c1f9, org.springframework.boot.test.json.DuplicateJsonObjectContextCustomizerFactory$DuplicateJsonObjectContextCustomizer@6fc46671, org.springframework.boot.test.mock.mockito.MockitoContextCustomizer@0, org.springframework.boot.test.web.client.TestRestTemplateContextCustomizer@7ccf185b, org.springframework.boot.test.context.SpringBootTestArgs@1], contextLoader = 'org.springframework.boot.test.context.SpringBootContextLoader', parent = [null]], attributes = map[[empty]]], class annotated with @DirtiesContext [false] with mode [null].
22:49:03.070 [Test worker] DEBUG org.springframework.test.annotation.ProfileValueUtils - Retrieved @ProfileValueSourceConfiguration [null] for test class [com.test.ApplicationTest]
22:49:03.070 [Test worker] DEBUG org.springframework.test.annotation.ProfileValueUtils - Retrieved ProfileValueSource type [class org.springframework.test.annotation.SystemProfileValueSource] for class [com.test.ApplicationTest]
22:49:03.072 [Test worker] DEBUG org.springframework.test.context.support.DependencyInjectionTestExecutionListener - Performing dependency injection for test context [[DefaultTestContext@4b968ce testClass = ApplicationTest, testInstance = com.test.ApplicationTest@fdaca2d, testMethod = [null], testException = [null], mergedContextConfiguration = [MergedContextConfiguration@7b0bab4c testClass = ApplicationTest, locations = '{}', classes = '{class com.Application, class com.Application}', contextInitializerClasses = '[]', activeProfiles = '{}', propertySourceLocations = '{}', propertySourceProperties = '{org.springframework.boot.test.context.SpringBootTestContextBootstrapper=true}', contextCustomizers = set[org.springframework.boot.test.autoconfigure.properties.PropertyMappingContextCustomizer@0, org.springframework.boot.test.autoconfigure.web.servlet.WebDriverContextCustomizerFactory$Customizer@69a2d970, org.springframework.boot.test.context.filter.ExcludeFilterContextCustomizer@72e5c1f9, org.springframework.boot.test.json.DuplicateJsonObjectContextCustomizerFactory$DuplicateJsonObjectContextCustomizer@6fc46671, org.springframework.boot.test.mock.mockito.MockitoContextCustomizer@0, org.springframework.boot.test.web.client.TestRestTemplateContextCustomizer@7ccf185b, org.springframework.boot.test.context.SpringBootTestArgs@1], contextLoader = 'org.springframework.boot.test.context.SpringBootContextLoader', parent = [null]], attributes = map[[empty]]]].
22:49:03.085 [Test worker] DEBUG org.springframework.test.context.support.TestPropertySourceUtils - Adding inlined properties to environment: {spring.jmx.enabled=false, org.springframework.boot.test.context.SpringBootTestContextBootstrapper=true}

  .   ____          _            __ _ _
 /\\ / ___'_ __ _ _(_)_ __  __ _ \ \ \ \
( ( )\___ | '_ | '_| | '_ \/ _` | \ \ \ \
 \\/  ___)| |_)| | | | | || (_| |  ) ) ) )
  '  |____| .__|_| |_|_| |_\__, | / / / /
 =========|_|==============|___/=/_/_/_/
 :: Spring Boot ::        (v2.3.1.RELEASE)

2021-07-11 22:49:03.241  INFO 116352 --- [    Test worker] com.test.ApplicationTest                 : Starting ApplicationTest on lwy-NH50-70RA with PID 116352 (started by lwy in /home/lwy/文档/06-13。1/gradle)
2021-07-11 22:49:03.242  INFO 116352 --- [    Test worker] com.test.ApplicationTest                 : No active profile set, falling back to default profiles: default
2021-07-11 22:49:03.910  INFO 116352 --- [    Test worker] com.test.ApplicationTest                 : Started ApplicationTest in 0.823 seconds (JVM running for 1.455)
2021-07-11 22:49:04.012  INFO 116352 --- [    Test worker] com.zaxxer.hikari.HikariDataSource       : HikariPool-1 - Starting...
2021-07-11 22:49:04.354  INFO 116352 --- [    Test worker] com.zaxxer.hikari.HikariDataSource       : HikariPool-1 - Start completed.
]]></system-out>
  <system-err><![CDATA[]]></system-err>
</testsuite>
