<?xml version="1.0" encoding="UTF-8"?>
<testsuite name="com.test.ApplicationTest" tests="1" skipped="0" failures="0" errors="0" timestamp="2021-07-17T02:44:44" hostname="lwy-NH50-70RA" time="0.088">
  <properties/>
  <testcase name="test" classname="com.test.ApplicationTest" time="0.088"/>
  <system-out><![CDATA[10:44:40.601 [Test worker] DEBUG org.springframework.test.annotation.ProfileValueUtils - Retrieved @ProfileValueSourceConfiguration [null] for test class [com.test.ApplicationTest]
10:44:40.601 [Test worker] DEBUG org.springframework.test.annotation.ProfileValueUtils - Retrieved ProfileValueSource type [class org.springframework.test.annotation.SystemProfileValueSource] for class [com.test.ApplicationTest]
10:44:40.602 [Test worker] DEBUG org.springframework.test.annotation.ProfileValueUtils - Retrieved @ProfileValueSourceConfiguration [null] for test class [com.test.ApplicationTest]
10:44:40.603 [Test worker] DEBUG org.springframework.test.annotation.ProfileValueUtils - Retrieved ProfileValueSource type [class org.springframework.test.annotation.SystemProfileValueSource] for class [com.test.ApplicationTest]
10:44:40.607 [Test worker] DEBUG org.springframework.test.context.support.AbstractDirtiesContextTestExecutionListener - Before test class: context [DefaultTestContext@4663d97c testClass = ApplicationTest, testInstance = [null], testMethod = [null], testException = [null], mergedContextConfiguration = [WebMergedContextConfiguration@26f2af5b testClass = ApplicationTest, locations = '{}', classes = '{class com.Application, class com.Application}', contextInitializerClasses = '[]', activeProfiles = '{}', propertySourceLocations = '{}', propertySourceProperties = '{org.springframework.boot.test.context.SpringBootTestContextBootstrapper=true}', contextCustomizers = set[org.springframework.boot.test.autoconfigure.properties.PropertyMappingContextCustomizer@0, org.springframework.boot.test.autoconfigure.web.servlet.WebDriverContextCustomizerFactory$Customizer@73bf60ab, org.springframework.boot.test.context.filter.ExcludeFilterContextCustomizer@6dc0acc0, org.springframework.boot.test.json.DuplicateJsonObjectContextCustomizerFactory$DuplicateJsonObjectContextCustomizer@45d2ccfb, org.springframework.boot.test.mock.mockito.MockitoContextCustomizer@0, org.springframework.boot.test.web.client.TestRestTemplateContextCustomizer@645e0eea, org.springframework.boot.test.context.SpringBootTestArgs@1], resourceBasePath = 'src/main/webapp', contextLoader = 'org.springframework.boot.test.context.SpringBootContextLoader', parent = [null]], attributes = map['org.springframework.test.context.web.ServletTestExecutionListener.activateListener' -> true]], class annotated with @DirtiesContext [false] with mode [null].
10:44:40.609 [Test worker] DEBUG org.springframework.test.annotation.ProfileValueUtils - Retrieved @ProfileValueSourceConfiguration [null] for test class [com.test.ApplicationTest]
10:44:40.610 [Test worker] DEBUG org.springframework.test.annotation.ProfileValueUtils - Retrieved ProfileValueSource type [class org.springframework.test.annotation.SystemProfileValueSource] for class [com.test.ApplicationTest]
10:44:40.630 [Test worker] DEBUG org.springframework.test.context.support.TestPropertySourceUtils - Adding inlined properties to environment: {spring.jmx.enabled=false, org.springframework.boot.test.context.SpringBootTestContextBootstrapper=true}

  .   ____          _            __ _ _
 /\\ / ___'_ __ _ _(_)_ __  __ _ \ \ \ \
( ( )\___ | '_ | '_| | '_ \/ _` | \ \ \ \
 \\/  ___)| |_)| | | | | || (_| |  ) ) ) )
  '  |____| .__|_| |_|_| |_\__, | / / / /
 =========|_|==============|___/=/_/_/_/
 :: Spring Boot ::        (v2.3.1.RELEASE)

2021-07-17 10:44:40.894  INFO 4502 --- [    Test worker] com.test.ApplicationTest                 : Starting ApplicationTest on lwy-NH50-70RA with PID 4502 (started by lwy in /home/lwy/文档/06-13。1/gradle)
2021-07-17 10:44:40.895  INFO 4502 --- [    Test worker] com.test.ApplicationTest                 : No active profile set, falling back to default profiles: default
2021-07-17 10:44:41.939  INFO 4502 --- [    Test worker] .s.d.r.c.RepositoryConfigurationDelegate : Bootstrapping Spring Data JPA repositories in DEFERRED mode.
2021-07-17 10:44:42.160  INFO 4502 --- [    Test worker] .s.d.r.c.RepositoryConfigurationDelegate : Finished Spring Data repository scanning in 214ms. Found 0 JPA repository interfaces.
2021-07-17 10:44:42.642  INFO 4502 --- [    Test worker] o.s.s.concurrent.ThreadPoolTaskExecutor  : Initializing ExecutorService 'applicationTaskExecutor'
2021-07-17 10:44:42.654  INFO 4502 --- [    Test worker] com.zaxxer.hikari.HikariDataSource       : HikariPool-1 - Starting...
2021-07-17 10:44:43.151  INFO 4502 --- [    Test worker] com.zaxxer.hikari.HikariDataSource       : HikariPool-1 - Start completed.
2021-07-17 10:44:43.355  INFO 4502 --- [         task-1] o.hibernate.jpa.internal.util.LogHelper  : HHH000204: Processing PersistenceUnitInfo [name: default]
2021-07-17 10:44:43.414  INFO 4502 --- [         task-1] org.hibernate.Version                    : HHH000412: Hibernate ORM core version 5.4.17.Final
2021-07-17 10:44:43.581  WARN 4502 --- [    Test worker] JpaBaseConfiguration$JpaWebConfiguration : spring.jpa.open-in-view is enabled by default. Therefore, database queries may be performed during view rendering. Explicitly configure spring.jpa.open-in-view to disable this warning
2021-07-17 10:44:43.589  INFO 4502 --- [         task-1] o.hibernate.annotations.common.Version   : HCANN000001: Hibernate Commons Annotations {5.1.0.Final}
2021-07-17 10:44:43.739  INFO 4502 --- [         task-1] org.hibernate.dialect.Dialect            : HHH000400: Using dialect: org.hibernate.dialect.MySQL8Dialect
2021-07-17 10:44:44.132  INFO 4502 --- [    Test worker] DeferredRepositoryInitializationListener : Triggering deferred initialization of Spring Data repositories…
2021-07-17 10:44:44.132  INFO 4502 --- [    Test worker] DeferredRepositoryInitializationListener : Spring Data repositories initialized!
2021-07-17 10:44:44.142  INFO 4502 --- [    Test worker] com.test.ApplicationTest                 : Started ApplicationTest in 3.505 seconds (JVM running for 4.386)
]]></system-out>
  <system-err><![CDATA[]]></system-err>
</testsuite>
